<?xml version="1.0" encoding="UTF-8"?>
<!-- Generated by org.testng.reporters.JUnitReportReporter -->
<testsuite hostname="Shivani" failures="0" tests="3" name="Selenium_testNG.class1Test" time="0.172" errors="0" timestamp="2024-11-11T11:59:35 IST" skipped="1">
  <testcase classname="Selenium_testNG.class1Test" name="username" time="0.089"/>
  <testcase classname="Selenium_testNG.class1Test" name="password" time="0.083"/>
  <testcase classname="Selenium_testNG.class1Test" name="login_button">
    <skipped/>
  </testcase> <!-- login_button -->
</testsuite> <!-- Selenium_testNG.class1Test -->
