<?xml version="1.0" encoding="UTF-8"?>
<!-- Generated by org.testng.reporters.JUnitReportReporter -->
<testsuite hostname="Shivani" failures="0" tests="16" name="Selenium_testNG.class2Test" time="9.608" errors="0" timestamp="2024-11-19T09:28:23 IST" skipped="1">
  <testcase classname="Selenium_testNG.class2Test" name="firstname" time="0.263"/>
  <testcase classname="Selenium_testNG.class2Test" name="lastname" time="0.235"/>
  <testcase classname="Selenium_testNG.class2Test" name="Address" time="0.257"/>
  <testcase classname="Selenium_testNG.class2Test" name="email" time="0.308"/>
  <testcase classname="Selenium_testNG.class2Test" name="gender" time="0.138"/>
  <testcase classname="Selenium_testNG.class2Test" name="hobbies" time="0.112"/>
  <testcase classname="Selenium_testNG.class2Test" name="lang" time="1.352"/>
  <testcase classname="Selenium_testNG.class2Test" name="skills" time="1.301"/>
  <testcase classname="Selenium_testNG.class2Test" name="country" time="2.407"/>
  <testcase classname="Selenium_testNG.class2Test" name="year" time="2.312"/>
  <testcase classname="Selenium_testNG.class2Test" name="month" time="0.237"/>
  <testcase classname="Selenium_testNG.class2Test" name="day" time="0.302"/>
  <testcase classname="Selenium_testNG.class2Test" name="password" time="0.159"/>
  <testcase classname="Selenium_testNG.class2Test" name="cnfrmpass" time="0.158"/>
  <testcase classname="Selenium_testNG.class2Test" name="choose_file" time="0.067"/>
  <testcase classname="Selenium_testNG.class2Test" name="phone">
    <skipped/>
  </testcase> <!-- phone -->
</testsuite> <!-- Selenium_testNG.class2Test -->
